<?xml version="1.0" encoding="UTF-8"?>
<testng-results skipped="0" failed="0" ignored="0" total="1" passed="1">
  <reporter-output>
  </reporter-output>
  <suite name="Default suite" duration-ms="3953" started-at="2022-04-28T19:03:35 EDT" finished-at="2022-04-28T19:03:39 EDT">
    <groups>
    </groups>
    <test name="Default test" duration-ms="3953" started-at="2022-04-28T19:03:35 EDT" finished-at="2022-04-28T19:03:39 EDT">
      <class name="tests.ValidateDuplicateCategoryTest">
        <test-method status="PASS" signature="addNewCategory()[pri:0, instance:tests.ValidateDuplicateCategoryTest@4d95d2a2]" name="addNewCategory" duration-ms="3914" started-at="2022-04-28T19:03:35 EDT" finished-at="2022-04-28T19:03:39 EDT">
          <reporter-output>
          </reporter-output>
        </test-method> <!-- addNewCategory -->
      </class> <!-- tests.ValidateDuplicateCategoryTest -->
    </test> <!-- Default test -->
  </suite> <!-- Default suite -->
</testng-results>
