<?xml version="1.0" encoding="UTF-8"?>
<!-- Generated by org.testng.reporters.JUnitXMLReporter -->
<testsuite hostname="LAPTOP-SK2I11LG" ignored="0" name="TC_TestPage_001" tests="3" failures="0" timestamp="2022-04-28T18:47:42 EDT" time="69.867" errors="0">
  <testcase name="addNewCategory" time="18.574" classname="tests.AddAndDisplayCategoryTest"/>
  <testcase name="addNewCategory" time="13.466" classname="tests.ValidateDuplicateCategoryTest"/>
  <testcase name="validateAllmonths" time="37.727" classname="tests.ValidateMonthDropDown"/>
</testsuite> <!-- TC_TestPage_001 -->
